<?xml version="1.0" encoding="UTF-8"?>
<!-- Generated by org.testng.reporters.JUnitReportReporter -->
<testsuite hostname="DESKTOP-OUQJ2UH" failures="0" tests="3" name="Practice.TestNG2" time="4.208" errors="0" timestamp="2025-10-27T17:13:18 IST" skipped="0">
  <testcase classname="Practice.TestNG2" name="deleteProduct" time="0.004"/>
  <testcase classname="Practice.TestNG2" name="updateProduct" time="0.004">
    <system-out>
      <![CDATA[updateProduct]]>
    </system-out>
  </testcase> <!-- updateProduct -->
  <testcase classname="Practice.TestNG2" name="createProduct" time="4.200"/>
  <system-out>
    <![CDATA[updateProduct]]>
  </system-out>
</testsuite> <!-- Practice.TestNG2 -->
