<?xml version="1.0" encoding="UTF-8"?>
<!-- Generated by org.testng.reporters.JUnitReportReporter -->
<testsuite hostname="DESKTOP-OUQJ2UH" failures="0" tests="2" name="Practice.SampleTestNG" time="0.020" errors="0" timestamp="2025-10-27T17:04:27 IST" skipped="1">
  <testcase classname="Practice.SampleTestNG" name="deleteProduct" time="0.020"/>
  <testcase classname="Practice.SampleTestNG" name="createProduct">
    <skipped/>
  </testcase> <!-- createProduct -->
</testsuite> <!-- Practice.SampleTestNG -->
